Performing C SOURCE FILE Test CMAKE_HAVE_LIBC_PTHREAD failed with the following output:
Change Dir: /home/olinka/CLionProjects/PJC/semestralka/ostasolg/ostasolg_semestralka/build/CMakeFiles/CMakeTmp

Run Build Command(s):/usr/bin/make cmTC_ea9ac/fast && /usr/bin/make  -f CMakeFiles/cmTC_ea9ac.dir/build.make CMakeFiles/cmTC_ea9ac.dir/build
make[1]: Entering directory '/home/olinka/CLionProjects/PJC/semestralka/ostasolg/ostasolg_semestralka/build/CMakeFiles/CMakeTmp'
Building C object CMakeFiles/cmTC_ea9ac.dir/src.c.o
/usr/bin/cc   -DCMAKE_HAVE_LIBC_PTHREAD -o CMakeFiles/cmTC_ea9ac.dir/src.c.o -c /home/olinka/CLionProjects/PJC/semestralka/ostasolg/ostasolg_semestralka/build/CMakeFiles/CMakeTmp/src.c
Linking C executable cmTC_ea9ac
/opt/cmake-3.18.2-Linux-x86_64/bin/cmake -E cmake_link_script CMakeFiles/cmTC_ea9ac.dir/link.txt --verbose=1
/usr/bin/cc  -DCMAKE_HAVE_LIBC_PTHREAD CMakeFiles/cmTC_ea9ac.dir/src.c.o -o cmTC_ea9ac 
/usr/bin/ld: CMakeFiles/cmTC_ea9ac.dir/src.c.o: in function `main':
src.c:(.text+0x46): undefined reference to `pthread_create'
/usr/bin/ld: src.c:(.text+0x52): undefined reference to `pthread_detach'
/usr/bin/ld: src.c:(.text+0x5e): undefined reference to `pthread_cancel'
/usr/bin/ld: src.c:(.text+0x6f): undefined reference to `pthread_join'
collect2: error: ld returned 1 exit status
make[1]: *** [CMakeFiles/cmTC_ea9ac.dir/build.make:106: cmTC_ea9ac] Error 1
make[1]: Leaving directory '/home/olinka/CLionProjects/PJC/semestralka/ostasolg/ostasolg_semestralka/build/CMakeFiles/CMakeTmp'
make: *** [Makefile:140: cmTC_ea9ac/fast] Error 2


Source file was:
#include <pthread.h>

void* test_func(void* data)
{
  return data;
}

int main(void)
{
  pthread_t thread;
  pthread_create(&thread, NULL, test_func, NULL);
  pthread_detach(thread);
  pthread_cancel(thread);
  pthread_join(thread, NULL);
  pthread_atfork(NULL, NULL, NULL);
  pthread_exit(NULL);

  return 0;
}

